<?xml version="1.0" encoding="UTF-8"?>
<!-- Generated by org.testng.reporters.JUnitReportReporter -->
<testsuite skipped="0" hostname="WIN-GEDESCREUP8" name="testPackage.NewTest" tests="1" failures="0" timestamp="06 Mar 2018 01:09:55 GMT" time="1.466" errors="0">
  <testcase name="mavenTest" time="1.466" classname="testPackage.NewTest"/>
</testsuite> <!-- testPackage.NewTest -->
