<?xml version="1.0" encoding="UTF-8"?>
<!-- Generated by org.testng.reporters.JUnitReportReporter -->
<testsuite skipped="0" hostname="WIN-GEDESCREUP8" name="NewTest" tests="1" failures="0" timestamp="06 Mar 2018 01:04:04 GMT" time="2.378" errors="0">
  <testcase name="mavenTest" time="2.378" classname="NewTest"/>
</testsuite> <!-- NewTest -->
